<?xml version="1.0" encoding="UTF-8"?>
<!-- Generated by org.testng.reporters.JUnitReportReporter -->
<testsuite hostname="Sakinator-PC" failures="0" tests="1" name="com.epam.healenium.tests.FirstTestTest" time="26.636" errors="0" timestamp="2023-09-20T14:46:52 AEST" skipped="0">
  <testcase classname="com.epam.healenium.tests.FirstTestTest" name="testTest" time="26.636"/>
</testsuite> <!-- com.epam.healenium.tests.FirstTestTest -->
