<?xml version="1.0" encoding="UTF-8"?>
<!-- Generated by org.testng.reporters.JUnitReportReporter -->
<testsuite hostname="Sakinator-PC" failures="0" tests="1" name="com.epam.healenium.tests.FirstTestTest2" time="38.204" errors="0" timestamp="2023-09-20T20:13:37 AEST" skipped="0">
  <testcase classname="com.epam.healenium.tests.FirstTestTest2" name="test" time="38.204"/>
</testsuite> <!-- com.epam.healenium.tests.FirstTestTest2 -->
