<?xml version="1.0" encoding="UTF-8"?>
<!-- Generated by org.testng.reporters.JUnitReportReporter -->
<testsuite hostname="Sakinator-PC" failures="0" tests="1" name="com.epam.healenium.tests.FirstTestTest" time="77.203" errors="0" timestamp="2023-09-16T15:48:34 AEST" skipped="0">
  <testcase classname="com.epam.healenium.tests.FirstTestTest" name="testTest" time="77.203"/>
</testsuite> <!-- com.epam.healenium.tests.FirstTestTest -->
